Looking for git in: git
Using git 2.25.1 from git
> git rev-parse --git-dir
Open repository: /home/fmartin/git/eos-dotfiles
> git fetch
> git status -z -u
> git symbolic-ref --short HEAD
> git for-each-ref --format=%(refname)%00%(upstream:short)%00%(upstream:track)%00%(objectname) refs/heads/master refs/remotes/master
> git for-each-ref --sort -committerdate --format %(refname) %(objectname) %(*objectname)
> git remote --verbose
Warning: Failed to watch ref '/home/fmartin/git/eos-dotfiles/.git/refs/remotes/origin/master', is most likely packed.
> git check-ignore -v -z --stdin
> git config --get commit.template
> git status -z -u
> git show --textconv :microflo/keymap.c
> git ls-files --stage -- /home/fmartin/git/eos-dotfiles/microflo/keymap.c
> git symbolic-ref --short HEAD
> git cat-file -s f85ca910d5937d975483472d27e57b8941cd4093
> git for-each-ref --format=%(refname)%00%(upstream:short)%00%(upstream:track)%00%(objectname) refs/heads/master refs/remotes/master
> git for-each-ref --sort -committerdate --format %(refname) %(objectname) %(*objectname)
> git remote --verbose
Warning: Failed to watch ref '/home/fmartin/git/eos-dotfiles/.git/refs/remotes/origin/master', is most likely packed.
> git config --get commit.template
> git ls-files --stage -- /home/fmartin/git/eos-dotfiles/microflo/keymap.c
> git cat-file -s f85ca910d5937d975483472d27e57b8941cd4093
> git show --textconv :microflo/keymap.c
> git status -z -u
> git symbolic-ref --short HEAD
> git for-each-ref --format=%(refname)%00%(upstream:short)%00%(upstream:track)%00%(objectname) refs/heads/master refs/remotes/master
> git for-each-ref --sort -committerdate --format %(refname) %(objectname) %(*objectname)
> git remote --verbose
Warning: Failed to watch ref '/home/fmartin/git/eos-dotfiles/.git/refs/remotes/origin/master', is most likely packed.
> git config --get commit.template
> git show --textconv :microflo/keymap.c
> git ls-files --stage -- /home/fmartin/git/eos-dotfiles/microflo/keymap.c
> git cat-file -s f85ca910d5937d975483472d27e57b8941cd4093
