[2021-05-02 17:34:37.259] [renderer1] [error] ENOENT: no such file or directory, open '/home/fmartin/.config/VSCodium/User/globalStorage/vscodevim.vim/.registers': Error: ENOENT: no such file or directory, open '/home/fmartin/.config/VSCodium/User/globalStorage/vscodevim.vim/.registers'
[2021-05-02 17:35:44.709] [renderer1] [error] Cannot create property 'recursive' on string 'w': TypeError: Cannot create property 'recursive' on string 'w'
    at a.validate (/home/fmartin/.vscode-oss/extensions/vscodevim.vim-1.20.0/src/configuration/validators/remappingValidator.ts:37:19)
    at Object.validate (/home/fmartin/.vscode-oss/extensions/vscodevim.vim-1.20.0/src/configuration/configurationValidator.ts:19:48)
    at process.validatorResults (internal/process/task_queues.js:97:5)
    at m.validatorResults [as load] (/home/fmartin/.vscode-oss/extensions/vscodevim.vim-1.20.0/src/configuration/configuration.ts:127:11)
    at async (/home/fmartin/.vscode-oss/extensions/vscodevim.vim-1.20.0/extensionBase.ts:79:9)
    at /home/fmartin/.vscode-oss/extensions/vscodevim.vim-1.20.0/extensionBase.ts:126:5
[2021-05-02 17:35:46.554] [renderer1] [error] Cannot create property 'recursive' on string '': TypeError: Cannot create property 'recursive' on string ''
    at a.validate (/home/fmartin/.vscode-oss/extensions/vscodevim.vim-1.20.0/src/configuration/validators/remappingValidator.ts:37:19)
    at Object.validate (/home/fmartin/.vscode-oss/extensions/vscodevim.vim-1.20.0/src/configuration/configurationValidator.ts:19:48)
    at process.validatorResults (internal/process/task_queues.js:97:5)
    at m.validatorResults [as load] (/home/fmartin/.vscode-oss/extensions/vscodevim.vim-1.20.0/src/configuration/configuration.ts:127:11)
    at async (/home/fmartin/.vscode-oss/extensions/vscodevim.vim-1.20.0/extensionBase.ts:79:9)
    at /home/fmartin/.vscode-oss/extensions/vscodevim.vim-1.20.0/extensionBase.ts:126:5
[2021-05-02 17:35:50.520] [renderer1] [error] Cannot create property 'recursive' on string '<SPACE>': TypeError: Cannot create property 'recursive' on string '<SPACE>'
    at a.validate (/home/fmartin/.vscode-oss/extensions/vscodevim.vim-1.20.0/src/configuration/validators/remappingValidator.ts:37:19)
    at Object.validate (/home/fmartin/.vscode-oss/extensions/vscodevim.vim-1.20.0/src/configuration/configurationValidator.ts:19:48)
    at process.validatorResults (internal/process/task_queues.js:97:5)
    at m.validatorResults [as load] (/home/fmartin/.vscode-oss/extensions/vscodevim.vim-1.20.0/src/configuration/configuration.ts:127:11)
    at async (/home/fmartin/.vscode-oss/extensions/vscodevim.vim-1.20.0/extensionBase.ts:79:9)
    at /home/fmartin/.vscode-oss/extensions/vscodevim.vim-1.20.0/extensionBase.ts:126:5
[2021-05-02 17:35:55.452] [renderer1] [error] Cannot create property 'recursive' on string '': TypeError: Cannot create property 'recursive' on string ''
    at a.validate (/home/fmartin/.vscode-oss/extensions/vscodevim.vim-1.20.0/src/configuration/validators/remappingValidator.ts:37:19)
    at Object.validate (/home/fmartin/.vscode-oss/extensions/vscodevim.vim-1.20.0/src/configuration/configurationValidator.ts:19:48)
    at process.validatorResults (internal/process/task_queues.js:97:5)
    at m.validatorResults [as load] (/home/fmartin/.vscode-oss/extensions/vscodevim.vim-1.20.0/src/configuration/configuration.ts:127:11)
    at async (/home/fmartin/.vscode-oss/extensions/vscodevim.vim-1.20.0/extensionBase.ts:79:9)
    at /home/fmartin/.vscode-oss/extensions/vscodevim.vim-1.20.0/extensionBase.ts:126:5
[2021-05-02 17:36:01.879] [renderer1] [error] Cannot create property 'recursive' on string '<>': TypeError: Cannot create property 'recursive' on string '<>'
    at a.validate (/home/fmartin/.vscode-oss/extensions/vscodevim.vim-1.20.0/src/configuration/validators/remappingValidator.ts:37:19)
    at Object.validate (/home/fmartin/.vscode-oss/extensions/vscodevim.vim-1.20.0/src/configuration/configurationValidator.ts:19:48)
    at process.validatorResults (internal/process/task_queues.js:97:5)
    at m.validatorResults [as load] (/home/fmartin/.vscode-oss/extensions/vscodevim.vim-1.20.0/src/configuration/configuration.ts:127:11)
    at async (/home/fmartin/.vscode-oss/extensions/vscodevim.vim-1.20.0/extensionBase.ts:79:9)
    at /home/fmartin/.vscode-oss/extensions/vscodevim.vim-1.20.0/extensionBase.ts:126:5
[2021-05-02 17:36:03.106] [renderer1] [error] Cannot create property 'recursive' on string '<CR>': TypeError: Cannot create property 'recursive' on string '<CR>'
    at a.validate (/home/fmartin/.vscode-oss/extensions/vscodevim.vim-1.20.0/src/configuration/validators/remappingValidator.ts:37:19)
    at Object.validate (/home/fmartin/.vscode-oss/extensions/vscodevim.vim-1.20.0/src/configuration/configurationValidator.ts:19:48)
    at process.validatorResults (internal/process/task_queues.js:97:5)
    at m.validatorResults [as load] (/home/fmartin/.vscode-oss/extensions/vscodevim.vim-1.20.0/src/configuration/configuration.ts:127:11)
    at async (/home/fmartin/.vscode-oss/extensions/vscodevim.vim-1.20.0/extensionBase.ts:79:9)
    at /home/fmartin/.vscode-oss/extensions/vscodevim.vim-1.20.0/extensionBase.ts:126:5
[2021-05-02 17:36:24.346] [renderer1] [error] Cannot create property 'recursive' on string '<BSP>': TypeError: Cannot create property 'recursive' on string '<BSP>'
    at a.validate (/home/fmartin/.vscode-oss/extensions/vscodevim.vim-1.20.0/src/configuration/validators/remappingValidator.ts:37:19)
    at Object.validate (/home/fmartin/.vscode-oss/extensions/vscodevim.vim-1.20.0/src/configuration/configurationValidator.ts:19:48)
    at process.validatorResults (internal/process/task_queues.js:97:5)
    at m.validatorResults [as load] (/home/fmartin/.vscode-oss/extensions/vscodevim.vim-1.20.0/src/configuration/configuration.ts:127:11)
    at async (/home/fmartin/.vscode-oss/extensions/vscodevim.vim-1.20.0/extensionBase.ts:79:9)
    at /home/fmartin/.vscode-oss/extensions/vscodevim.vim-1.20.0/extensionBase.ts:126:5
