[2021-05-02 17:34:11.373] [exthost] [info] extension host started
[2021-05-02 17:34:11.545] [exthost] [info] ExtensionService#_doActivateExtension vscode.css-language-features {"startup":false,"extensionId":{"value":"vscode.css-language-features","_lower":"vscode.css-language-features"},"activationEvent":"onLanguage:css"}
[2021-05-02 17:34:11.546] [exthost] [info] ExtensionService#loadCommonJSModule file:///snap/codium/162/usr/share/codium/resources/app/extensions/css-language-features/client/dist/node/cssClientMain
[2021-05-02 17:34:11.567] [exthost] [info] ExtensionService#_doActivateExtension vscode.emmet {"startup":false,"extensionId":{"value":"vscode.emmet","_lower":"vscode.emmet"},"activationEvent":"onLanguage:css"}
[2021-05-02 17:34:11.567] [exthost] [info] ExtensionService#loadCommonJSModule file:///snap/codium/162/usr/share/codium/resources/app/extensions/emmet/dist/node/emmetNodeMain
[2021-05-02 17:34:11.576] [exthost] [info] ExtensionService#_doActivateExtension vscode.debug-auto-launch {"startup":true,"extensionId":{"value":"vscode.debug-auto-launch","_lower":"vscode.debug-auto-launch"},"activationEvent":"*"}
[2021-05-02 17:34:11.576] [exthost] [info] ExtensionService#loadCommonJSModule file:///snap/codium/162/usr/share/codium/resources/app/extensions/debug-auto-launch/dist/extension
[2021-05-02 17:34:11.579] [exthost] [info] ExtensionService#_doActivateExtension vscode.git {"startup":true,"extensionId":{"value":"vscode.github","_lower":"vscode.github"},"activationEvent":"*"}
[2021-05-02 17:34:11.579] [exthost] [info] ExtensionService#loadCommonJSModule file:///snap/codium/162/usr/share/codium/resources/app/extensions/git/dist/main
[2021-05-02 17:34:11.603] [exthost] [info] ExtensionService#_doActivateExtension zhuangtongfa.material-theme {"startup":true,"extensionId":{"value":"zhuangtongfa.material-theme","_lower":"zhuangtongfa.material-theme"},"activationEvent":"*"}
[2021-05-02 17:34:11.603] [exthost] [info] ExtensionService#loadCommonJSModule file:///home/fmartin/.vscode-oss/extensions/zhuangtongfa.material-theme-3.10.13/out/extension.js
[2021-05-02 17:34:11.863] [exthost] [info] ExtensionService#_doActivateExtension vscode.github {"startup":true,"extensionId":{"value":"vscode.github","_lower":"vscode.github"},"activationEvent":"*"}
[2021-05-02 17:34:11.863] [exthost] [info] ExtensionService#loadCommonJSModule file:///snap/codium/162/usr/share/codium/resources/app/extensions/github/dist/extension.js
[2021-05-02 17:34:11.915] [exthost] [info] ExtensionService#_doActivateExtension ms-vscode.js-debug {"startup":false,"extensionId":{"value":"ms-vscode.js-debug","_lower":"ms-vscode.js-debug"},"activationEvent":"onCommand:extension.js-debug.clearAutoAttachVariables"}
[2021-05-02 17:34:11.916] [exthost] [info] ExtensionService#loadCommonJSModule file:///snap/codium/162/usr/share/codium/resources/app/extensions/ms-vscode.js-debug/src/extension.js
[2021-05-02 17:34:12.028] [exthost] [info] eager extensions activated
[2021-05-02 17:34:12.062] [exthost] [warning] [Decorations] CAPPING events from decorations provider vscode.git 427
[2021-05-02 17:34:12.280] [exthost] [info] ExtensionService#_doActivateExtension vscode.merge-conflict {"startup":false,"extensionId":{"value":"vscode.merge-conflict","_lower":"vscode.merge-conflict"},"activationEvent":"onStartupFinished"}
[2021-05-02 17:34:12.280] [exthost] [info] ExtensionService#loadCommonJSModule file:///snap/codium/162/usr/share/codium/resources/app/extensions/merge-conflict/dist/mergeConflictMain
[2021-05-02 17:34:12.283] [exthost] [info] ExtensionService#_doActivateExtension vscode.testing-editor-contributions {"startup":false,"extensionId":{"value":"vscode.testing-editor-contributions","_lower":"vscode.testing-editor-contributions"},"activationEvent":"onStartupFinished"}
[2021-05-02 17:34:12.283] [exthost] [info] ExtensionService#loadCommonJSModule file:///snap/codium/162/usr/share/codium/resources/app/extensions/testing-editor-contributions/dist/extension.js
[2021-05-02 17:34:12.284] [exthost] [info] ExtensionService#_doActivateExtension esbenp.prettier-vscode {"startup":false,"extensionId":{"value":"esbenp.prettier-vscode","_lower":"esbenp.prettier-vscode"},"activationEvent":"onStartupFinished"}
[2021-05-02 17:34:12.284] [exthost] [info] ExtensionService#loadCommonJSModule file:///home/fmartin/.vscode-oss/extensions/esbenp.prettier-vscode-6.3.2/dist/extension
[2021-05-02 17:34:12.439] [exthost] [info] ExtensionService#_doActivateExtension Gruntfuggly.todo-tree {"startup":false,"extensionId":{"value":"Gruntfuggly.todo-tree","_lower":"gruntfuggly.todo-tree"},"activationEvent":"onStartupFinished"}
[2021-05-02 17:34:12.439] [exthost] [info] ExtensionService#loadCommonJSModule file:///home/fmartin/.vscode-oss/extensions/gruntfuggly.todo-tree-0.0.212/dist/extension
[2021-05-02 17:34:12.550] [exthost] [warning] [Decorations] CAPPING events from decorations provider vscode.git 427
[2021-05-02 17:34:14.679] [exthost] [warning] [Decorations] CAPPING events from decorations provider vscode.git 428
[2021-05-02 17:34:18.450] [exthost] [info] ExtensionService#_doActivateExtension vscode.configuration-editing {"startup":false,"extensionId":{"value":"vscode.configuration-editing","_lower":"vscode.configuration-editing"},"activationEvent":"onLanguage:json"}
[2021-05-02 17:34:18.450] [exthost] [info] ExtensionService#loadCommonJSModule file:///snap/codium/162/usr/share/codium/resources/app/extensions/configuration-editing/dist/configurationEditingMain
[2021-05-02 17:34:18.453] [exthost] [info] ExtensionService#_doActivateExtension vscode.extension-editing {"startup":false,"extensionId":{"value":"vscode.extension-editing","_lower":"vscode.extension-editing"},"activationEvent":"onLanguage:json"}
[2021-05-02 17:34:18.453] [exthost] [info] ExtensionService#loadCommonJSModule file:///snap/codium/162/usr/share/codium/resources/app/extensions/extension-editing/dist/extensionEditingMain
[2021-05-02 17:34:18.458] [exthost] [info] ExtensionService#_doActivateExtension vscode.json-language-features {"startup":false,"extensionId":{"value":"vscode.json-language-features","_lower":"vscode.json-language-features"},"activationEvent":"onLanguage:json"}
[2021-05-02 17:34:18.458] [exthost] [info] ExtensionService#loadCommonJSModule file:///snap/codium/162/usr/share/codium/resources/app/extensions/json-language-features/client/dist/node/jsonClientMain
[2021-05-02 17:34:18.470] [exthost] [info] ExtensionService#_doActivateExtension vscode.npm {"startup":false,"extensionId":{"value":"vscode.npm","_lower":"vscode.npm"},"activationEvent":"onLanguage:json"}
[2021-05-02 17:34:18.470] [exthost] [info] ExtensionService#loadCommonJSModule file:///snap/codium/162/usr/share/codium/resources/app/extensions/npm/dist/npmMain
[2021-05-02 17:34:36.079] [exthost] [info] ExtensionService#_doActivateExtension vscodevim.vim {"startup":false,"extensionId":{"value":"vscodevim.vim","_lower":"vscodevim.vim"},"activationEvent":"*"}
[2021-05-02 17:34:36.079] [exthost] [info] ExtensionService#loadCommonJSModule file:///home/fmartin/.vscode-oss/extensions/vscodevim.vim-1.20.0/out/extension
[2021-05-02 17:35:32.595] [exthost] [info] ExtensionService#_doActivateExtension vscode.typescript-language-features {"startup":false,"extensionId":{"value":"vscode.typescript-language-features","_lower":"vscode.typescript-language-features"},"activationEvent":"onLanguage:jsonc"}
[2021-05-02 17:35:32.595] [exthost] [info] ExtensionService#loadCommonJSModule file:///snap/codium/162/usr/share/codium/resources/app/extensions/typescript-language-features/dist/extension
[2021-05-02 17:37:13.293] [exthost] [warning] [Decorations] CAPPING events from decorations provider vscode.git 480
[2021-05-02 17:37:15.319] [exthost] [warning] [Decorations] CAPPING events from decorations provider vscode.git 479
[2021-05-02 17:37:40.546] [exthost] [info] extension host terminating: received terminate message from renderer
[2021-05-02 17:37:41.579] [exthost] [info] exiting with code 0
