[2021-05-02 18:13:47.514] [renderer1] [error] ENOENT: no such file or directory, open '/home/fmartin/.config/VSCodium/User/globalStorage/vscodevim.vim/.registers': Error: ENOENT: no such file or directory, open '/home/fmartin/.config/VSCodium/User/globalStorage/vscodevim.vim/.registers'
[2021-05-02 18:19:10.016] [renderer1] [error] Cannot invoke loadWASM more than once.: Error: Cannot invoke loadWASM more than once.
    at Object.t.loadWASM (/snap/codium/162/usr/share/codium/resources/app/node_modules.asar/vscode-oniguruma/release/main.js:1:4823)
    at TextMateLoader.loadOniguruma (/home/fmartin/.vscode-oss/extensions/coenraads.bracket-pair-colorizer-2-0.1.4/out/src/textMateLoader.js:115:19)
    at new TextMateLoader (/home/fmartin/.vscode-oss/extensions/coenraads.bracket-pair-colorizer-2-0.1.4/out/src/textMateLoader.js:19:31)
    at new Settings (/home/fmartin/.vscode-oss/extensions/coenraads.bracket-pair-colorizer-2-0.1.4/out/src/settings.js:10:31)
    at new DocumentDecorationManager (/home/fmartin/.vscode-oss/extensions/coenraads.bracket-pair-colorizer-2-0.1.4/out/src/documentDecorationManager.js:9:25)
    at restart (/home/fmartin/.vscode-oss/extensions/coenraads.bracket-pair-colorizer-2-0.1.4/out/src/extension.js:42:37)
    at /home/fmartin/.vscode-oss/extensions/coenraads.bracket-pair-colorizer-2-0.1.4/out/src/extension.js:24:13
    at _.fire (/snap/codium/162/usr/share/codium/resources/app/out/vs/workbench/services/extensions/node/extensionHostProcess.js:57:1836)
    at t.$acceptConfigurationChanged (/snap/codium/162/usr/share/codium/resources/app/out/vs/workbench/services/extensions/node/extensionHostProcess.js:90:38124)
    at /snap/codium/162/usr/share/codium/resources/app/out/vs/workbench/services/extensions/node/extensionHostProcess.js:90:37378
    at processTicksAndRejections (internal/process/task_queues.js:97:5)
[2021-05-02 18:19:53.633] [renderer1] [error] Cannot invoke loadWASM more than once.: Error: Cannot invoke loadWASM more than once.
    at Object.t.loadWASM (/snap/codium/162/usr/share/codium/resources/app/node_modules.asar/vscode-oniguruma/release/main.js:1:4823)
    at TextMateLoader.loadOniguruma (/home/fmartin/.vscode-oss/extensions/coenraads.bracket-pair-colorizer-2-0.1.4/out/src/textMateLoader.js:115:19)
    at new TextMateLoader (/home/fmartin/.vscode-oss/extensions/coenraads.bracket-pair-colorizer-2-0.1.4/out/src/textMateLoader.js:19:31)
    at new Settings (/home/fmartin/.vscode-oss/extensions/coenraads.bracket-pair-colorizer-2-0.1.4/out/src/settings.js:10:31)
    at new DocumentDecorationManager (/home/fmartin/.vscode-oss/extensions/coenraads.bracket-pair-colorizer-2-0.1.4/out/src/documentDecorationManager.js:9:25)
    at restart (/home/fmartin/.vscode-oss/extensions/coenraads.bracket-pair-colorizer-2-0.1.4/out/src/extension.js:42:37)
    at /home/fmartin/.vscode-oss/extensions/coenraads.bracket-pair-colorizer-2-0.1.4/out/src/extension.js:24:13
    at _.fire (/snap/codium/162/usr/share/codium/resources/app/out/vs/workbench/services/extensions/node/extensionHostProcess.js:57:1836)
    at t.$acceptConfigurationChanged (/snap/codium/162/usr/share/codium/resources/app/out/vs/workbench/services/extensions/node/extensionHostProcess.js:90:38124)
    at /snap/codium/162/usr/share/codium/resources/app/out/vs/workbench/services/extensions/node/extensionHostProcess.js:90:37378
    at processTicksAndRejections (internal/process/task_queues.js:97:5)
[2021-05-02 18:19:56.451] [renderer1] [error] Cannot invoke loadWASM more than once.: Error: Cannot invoke loadWASM more than once.
    at Object.t.loadWASM (/snap/codium/162/usr/share/codium/resources/app/node_modules.asar/vscode-oniguruma/release/main.js:1:4823)
    at TextMateLoader.loadOniguruma (/home/fmartin/.vscode-oss/extensions/coenraads.bracket-pair-colorizer-2-0.1.4/out/src/textMateLoader.js:115:19)
    at new TextMateLoader (/home/fmartin/.vscode-oss/extensions/coenraads.bracket-pair-colorizer-2-0.1.4/out/src/textMateLoader.js:19:31)
    at new Settings (/home/fmartin/.vscode-oss/extensions/coenraads.bracket-pair-colorizer-2-0.1.4/out/src/settings.js:10:31)
    at new DocumentDecorationManager (/home/fmartin/.vscode-oss/extensions/coenraads.bracket-pair-colorizer-2-0.1.4/out/src/documentDecorationManager.js:9:25)
    at restart (/home/fmartin/.vscode-oss/extensions/coenraads.bracket-pair-colorizer-2-0.1.4/out/src/extension.js:42:37)
    at /home/fmartin/.vscode-oss/extensions/coenraads.bracket-pair-colorizer-2-0.1.4/out/src/extension.js:24:13
    at _.fire (/snap/codium/162/usr/share/codium/resources/app/out/vs/workbench/services/extensions/node/extensionHostProcess.js:57:1836)
    at t.$acceptConfigurationChanged (/snap/codium/162/usr/share/codium/resources/app/out/vs/workbench/services/extensions/node/extensionHostProcess.js:90:38124)
    at /snap/codium/162/usr/share/codium/resources/app/out/vs/workbench/services/extensions/node/extensionHostProcess.js:90:37378
    at processTicksAndRejections (internal/process/task_queues.js:97:5)
[2021-05-02 18:20:04.061] [renderer1] [error] Cannot invoke loadWASM more than once.: Error: Cannot invoke loadWASM more than once.
    at Object.t.loadWASM (/snap/codium/162/usr/share/codium/resources/app/node_modules.asar/vscode-oniguruma/release/main.js:1:4823)
    at TextMateLoader.loadOniguruma (/home/fmartin/.vscode-oss/extensions/coenraads.bracket-pair-colorizer-2-0.1.4/out/src/textMateLoader.js:115:19)
    at new TextMateLoader (/home/fmartin/.vscode-oss/extensions/coenraads.bracket-pair-colorizer-2-0.1.4/out/src/textMateLoader.js:19:31)
    at new Settings (/home/fmartin/.vscode-oss/extensions/coenraads.bracket-pair-colorizer-2-0.1.4/out/src/settings.js:10:31)
    at new DocumentDecorationManager (/home/fmartin/.vscode-oss/extensions/coenraads.bracket-pair-colorizer-2-0.1.4/out/src/documentDecorationManager.js:9:25)
    at restart (/home/fmartin/.vscode-oss/extensions/coenraads.bracket-pair-colorizer-2-0.1.4/out/src/extension.js:42:37)
    at /home/fmartin/.vscode-oss/extensions/coenraads.bracket-pair-colorizer-2-0.1.4/out/src/extension.js:24:13
    at _.fire (/snap/codium/162/usr/share/codium/resources/app/out/vs/workbench/services/extensions/node/extensionHostProcess.js:57:1836)
    at t.$acceptConfigurationChanged (/snap/codium/162/usr/share/codium/resources/app/out/vs/workbench/services/extensions/node/extensionHostProcess.js:90:38124)
    at /snap/codium/162/usr/share/codium/resources/app/out/vs/workbench/services/extensions/node/extensionHostProcess.js:90:37378
    at processTicksAndRejections (internal/process/task_queues.js:97:5)
[2021-05-02 18:20:06.145] [renderer1] [error] Cannot invoke loadWASM more than once.: Error: Cannot invoke loadWASM more than once.
    at Object.t.loadWASM (/snap/codium/162/usr/share/codium/resources/app/node_modules.asar/vscode-oniguruma/release/main.js:1:4823)
    at TextMateLoader.loadOniguruma (/home/fmartin/.vscode-oss/extensions/coenraads.bracket-pair-colorizer-2-0.1.4/out/src/textMateLoader.js:115:19)
    at new TextMateLoader (/home/fmartin/.vscode-oss/extensions/coenraads.bracket-pair-colorizer-2-0.1.4/out/src/textMateLoader.js:19:31)
    at new Settings (/home/fmartin/.vscode-oss/extensions/coenraads.bracket-pair-colorizer-2-0.1.4/out/src/settings.js:10:31)
    at new DocumentDecorationManager (/home/fmartin/.vscode-oss/extensions/coenraads.bracket-pair-colorizer-2-0.1.4/out/src/documentDecorationManager.js:9:25)
    at restart (/home/fmartin/.vscode-oss/extensions/coenraads.bracket-pair-colorizer-2-0.1.4/out/src/extension.js:42:37)
    at /home/fmartin/.vscode-oss/extensions/coenraads.bracket-pair-colorizer-2-0.1.4/out/src/extension.js:24:13
    at _.fire (/snap/codium/162/usr/share/codium/resources/app/out/vs/workbench/services/extensions/node/extensionHostProcess.js:57:1836)
    at t.$acceptConfigurationChanged (/snap/codium/162/usr/share/codium/resources/app/out/vs/workbench/services/extensions/node/extensionHostProcess.js:90:38124)
    at /snap/codium/162/usr/share/codium/resources/app/out/vs/workbench/services/extensions/node/extensionHostProcess.js:90:37378
    at processTicksAndRejections (internal/process/task_queues.js:97:5)
[2021-05-02 18:20:12.498] [renderer1] [error] Cannot invoke loadWASM more than once.: Error: Cannot invoke loadWASM more than once.
    at Object.t.loadWASM (/snap/codium/162/usr/share/codium/resources/app/node_modules.asar/vscode-oniguruma/release/main.js:1:4823)
    at TextMateLoader.loadOniguruma (/home/fmartin/.vscode-oss/extensions/coenraads.bracket-pair-colorizer-2-0.1.4/out/src/textMateLoader.js:115:19)
    at new TextMateLoader (/home/fmartin/.vscode-oss/extensions/coenraads.bracket-pair-colorizer-2-0.1.4/out/src/textMateLoader.js:19:31)
    at new Settings (/home/fmartin/.vscode-oss/extensions/coenraads.bracket-pair-colorizer-2-0.1.4/out/src/settings.js:10:31)
    at new DocumentDecorationManager (/home/fmartin/.vscode-oss/extensions/coenraads.bracket-pair-colorizer-2-0.1.4/out/src/documentDecorationManager.js:9:25)
    at restart (/home/fmartin/.vscode-oss/extensions/coenraads.bracket-pair-colorizer-2-0.1.4/out/src/extension.js:42:37)
    at /home/fmartin/.vscode-oss/extensions/coenraads.bracket-pair-colorizer-2-0.1.4/out/src/extension.js:24:13
    at _.fire (/snap/codium/162/usr/share/codium/resources/app/out/vs/workbench/services/extensions/node/extensionHostProcess.js:57:1836)
    at t.$acceptConfigurationChanged (/snap/codium/162/usr/share/codium/resources/app/out/vs/workbench/services/extensions/node/extensionHostProcess.js:90:38124)
    at /snap/codium/162/usr/share/codium/resources/app/out/vs/workbench/services/extensions/node/extensionHostProcess.js:90:37378
    at processTicksAndRejections (internal/process/task_queues.js:97:5)
[2021-05-02 18:20:40.244] [renderer1] [error] Cannot invoke loadWASM more than once.: Error: Cannot invoke loadWASM more than once.
    at Object.t.loadWASM (/snap/codium/162/usr/share/codium/resources/app/node_modules.asar/vscode-oniguruma/release/main.js:1:4823)
    at TextMateLoader.loadOniguruma (/home/fmartin/.vscode-oss/extensions/coenraads.bracket-pair-colorizer-2-0.1.4/out/src/textMateLoader.js:115:19)
    at new TextMateLoader (/home/fmartin/.vscode-oss/extensions/coenraads.bracket-pair-colorizer-2-0.1.4/out/src/textMateLoader.js:19:31)
    at new Settings (/home/fmartin/.vscode-oss/extensions/coenraads.bracket-pair-colorizer-2-0.1.4/out/src/settings.js:10:31)
    at new DocumentDecorationManager (/home/fmartin/.vscode-oss/extensions/coenraads.bracket-pair-colorizer-2-0.1.4/out/src/documentDecorationManager.js:9:25)
    at restart (/home/fmartin/.vscode-oss/extensions/coenraads.bracket-pair-colorizer-2-0.1.4/out/src/extension.js:42:37)
    at /home/fmartin/.vscode-oss/extensions/coenraads.bracket-pair-colorizer-2-0.1.4/out/src/extension.js:24:13
    at _.fire (/snap/codium/162/usr/share/codium/resources/app/out/vs/workbench/services/extensions/node/extensionHostProcess.js:57:1836)
    at t.$acceptConfigurationChanged (/snap/codium/162/usr/share/codium/resources/app/out/vs/workbench/services/extensions/node/extensionHostProcess.js:90:38124)
    at /snap/codium/162/usr/share/codium/resources/app/out/vs/workbench/services/extensions/node/extensionHostProcess.js:90:37378
    at processTicksAndRejections (internal/process/task_queues.js:97:5)
