Looking for git in: git
Using git 2.25.1 from git
> git rev-parse --git-dir
Open repository: /home/fmartin/git/eos-dotfiles
> git fetch
> git status -z -u
> git symbolic-ref --short HEAD
> git for-each-ref --format=%(refname)%00%(upstream:short)%00%(upstream:track)%00%(objectname) refs/heads/master refs/remotes/master
> git for-each-ref --sort -committerdate --format %(refname) %(objectname) %(*objectname)
> git remote --verbose
Warning: Failed to watch ref '/home/fmartin/git/eos-dotfiles/.git/refs/remotes/origin/master', is most likely packed.
> git config --get commit.template
> git check-ignore -v -z --stdin
> git show --textconv :Code/firefox_start/start.html
> git ls-files --stage -- /home/fmartin/git/eos-dotfiles/Code/firefox_start/start.html
> git cat-file -s 2c4d2e4b0206d7449032eb0502da67c81fbd2fe3
> git status -z -u
> git symbolic-ref --short HEAD
> git for-each-ref --format=%(refname)%00%(upstream:short)%00%(upstream:track)%00%(objectname) refs/heads/master refs/remotes/master
> git for-each-ref --sort -committerdate --format %(refname) %(objectname) %(*objectname)
> git remote --verbose
Warning: Failed to watch ref '/home/fmartin/git/eos-dotfiles/.git/refs/remotes/origin/master', is most likely packed.
> git config --get commit.template
> git ls-files --stage -- /home/fmartin/git/eos-dotfiles/Code/firefox_start/start.html
> git cat-file -s 2c4d2e4b0206d7449032eb0502da67c81fbd2fe3
> git show --textconv :Code/firefox_start/start.html
> git status -z -u
> git symbolic-ref --short HEAD
> git for-each-ref --format=%(refname)%00%(upstream:short)%00%(upstream:track)%00%(objectname) refs/heads/master refs/remotes/master
> git for-each-ref --sort -committerdate --format %(refname) %(objectname) %(*objectname)
> git remote --verbose
Warning: Failed to watch ref '/home/fmartin/git/eos-dotfiles/.git/refs/remotes/origin/master', is most likely packed.
> git config --get commit.template
> git log --format=%H%n%aN%n%aE%n%at%n%ct%n%P%n%B -z -n21 -- /home/fmartin/git/eos-dotfiles/Code/firefox_start/start.html
> git check-ignore -v -z --stdin
> git fetch
> git status -z -u
> git symbolic-ref --short HEAD
> git for-each-ref --format=%(refname)%00%(upstream:short)%00%(upstream:track)%00%(objectname) refs/heads/master refs/remotes/master
> git for-each-ref --sort -committerdate --format %(refname) %(objectname) %(*objectname)
> git remote --verbose
Warning: Failed to watch ref '/home/fmartin/git/eos-dotfiles/.git/refs/remotes/origin/master', is most likely packed.
> git config --get commit.template
> git ls-files --stage -- /home/fmartin/git/eos-dotfiles/Code/firefox_start/start.html
> git cat-file -s 2c4d2e4b0206d7449032eb0502da67c81fbd2fe3
> git show --textconv :Code/firefox_start/start.html
> git status -z -u
> git symbolic-ref --short HEAD
> git for-each-ref --format=%(refname)%00%(upstream:short)%00%(upstream:track)%00%(objectname) refs/heads/master refs/remotes/master
> git for-each-ref --sort -committerdate --format %(refname) %(objectname) %(*objectname)
> git remote --verbose
Warning: Failed to watch ref '/home/fmartin/git/eos-dotfiles/.git/refs/remotes/origin/master', is most likely packed.
> git config --get commit.template
> git show --textconv :Code/firefox_start/start.html
> git ls-files --stage -- /home/fmartin/git/eos-dotfiles/Code/firefox_start/start.html
> git cat-file -s 2c4d2e4b0206d7449032eb0502da67c81fbd2fe3
> git show --textconv :Code/firefox_start/styles.css
> git ls-files --stage -- /home/fmartin/git/eos-dotfiles/Code/firefox_start/styles.css
> git cat-file -s 7bfc1946e9eb11bf560a25152f8c9c31fa173a0e
> git show --textconv :microflo/keymap.c
> git ls-files --stage -- /home/fmartin/git/eos-dotfiles/microflo/keymap.c
> git cat-file -s f85ca910d5937d975483472d27e57b8941cd4093
> git check-ignore -v -z --stdin
> git show --textconv :Code/firefox_start/styles.css
> git ls-files --stage -- /home/fmartin/git/eos-dotfiles/Code/firefox_start/styles.css
> git cat-file -s 7bfc1946e9eb11bf560a25152f8c9c31fa173a0e
> git show --textconv :Code/firefox_start/styles.css
> git ls-files --stage -- /home/fmartin/git/eos-dotfiles/Code/firefox_start/styles.css
> git cat-file -s 7bfc1946e9eb11bf560a25152f8c9c31fa173a0e
> git show --textconv :Code/firefox_start/styles.css
> git ls-files --stage -- /home/fmartin/git/eos-dotfiles/Code/firefox_start/styles.css
> git cat-file -s 7bfc1946e9eb11bf560a25152f8c9c31fa173a0e
> git show --textconv :Code/firefox_start/styles.css
> git ls-files --stage -- /home/fmartin/git/eos-dotfiles/Code/firefox_start/styles.css
> git cat-file -s 7bfc1946e9eb11bf560a25152f8c9c31fa173a0e
> git show --textconv :microflo/keymap.c
> git ls-files --stage -- /home/fmartin/git/eos-dotfiles/microflo/keymap.c
> git cat-file -s f85ca910d5937d975483472d27e57b8941cd4093
> git fetch
Warning: Permanently added the RSA host key for IP address '140.82.112.4' to the list of known hosts.
> git status -z -u
> git symbolic-ref --short HEAD
> git for-each-ref --format=%(refname)%00%(upstream:short)%00%(upstream:track)%00%(objectname) refs/heads/master refs/remotes/master
> git for-each-ref --sort -committerdate --format %(refname) %(objectname) %(*objectname)
> git remote --verbose
Warning: Failed to watch ref '/home/fmartin/git/eos-dotfiles/.git/refs/remotes/origin/master', is most likely packed.
> git config --get commit.template
> git ls-files --stage -- /home/fmartin/git/eos-dotfiles/microflo/keymap.c
> git cat-file -s f85ca910d5937d975483472d27e57b8941cd4093
> git show --textconv :microflo/keymap.c
> git status -z -u
> git symbolic-ref --short HEAD
> git for-each-ref --format=%(refname)%00%(upstream:short)%00%(upstream:track)%00%(objectname) refs/heads/master refs/remotes/master
> git for-each-ref --sort -committerdate --format %(refname) %(objectname) %(*objectname)
> git remote --verbose
Warning: Failed to watch ref '/home/fmartin/git/eos-dotfiles/.git/refs/remotes/origin/master', is most likely packed.
> git config --get commit.template
> git show --textconv :microflo/keymap.c
> git ls-files --stage -- /home/fmartin/git/eos-dotfiles/microflo/keymap.c
> git cat-file -s f85ca910d5937d975483472d27e57b8941cd4093
