Looking for git in: git
Using git 2.25.1 from git
> git rev-parse --git-dir
Open repository: /home/fmartin/git/eos-dotfiles
> git fetch
> git status -z -u
> git symbolic-ref --short HEAD
> git for-each-ref --format=%(refname)%00%(upstream:short)%00%(upstream:track)%00%(objectname) refs/heads/master refs/remotes/master
> git for-each-ref --sort -committerdate --format %(refname) %(objectname) %(*objectname)
> git remote --verbose
Warning: Failed to watch ref '/home/fmartin/git/eos-dotfiles/.git/refs/remotes/origin/master', is most likely packed.
> git config --get commit.template
> git check-ignore -v -z --stdin
> git status -z -u
> git symbolic-ref --short HEAD
> git for-each-ref --format=%(refname)%00%(upstream:short)%00%(upstream:track)%00%(objectname) refs/heads/master refs/remotes/master
> git for-each-ref --sort -committerdate --format %(refname) %(objectname) %(*objectname)
> git remote --verbose
> git show --textconv :Code/firefox_start/start.html
> git ls-files --stage -- /home/fmartin/git/eos-dotfiles/Code/firefox_start/start.html
Warning: Failed to watch ref '/home/fmartin/git/eos-dotfiles/.git/refs/remotes/origin/master', is most likely packed.
> git config --get commit.template
> git cat-file -s 2c4d2e4b0206d7449032eb0502da67c81fbd2fe3
> git status -z -u
> git symbolic-ref --short HEAD
> git for-each-ref --format=%(refname)%00%(upstream:short)%00%(upstream:track)%00%(objectname) refs/heads/master refs/remotes/master
> git for-each-ref --sort -committerdate --format %(refname) %(objectname) %(*objectname)
> git remote --verbose
Warning: Failed to watch ref '/home/fmartin/git/eos-dotfiles/.git/refs/remotes/origin/master', is most likely packed.
> git config --get commit.template
