[2021-05-02 18:21:24.513] [exthost] [info] extension host started
[2021-05-02 18:21:24.609] [exthost] [info] ExtensionService#_doActivateExtension vscode.debug-auto-launch {"startup":true,"extensionId":{"value":"vscode.debug-auto-launch","_lower":"vscode.debug-auto-launch"},"activationEvent":"*"}
[2021-05-02 18:21:24.609] [exthost] [info] ExtensionService#loadCommonJSModule file:///snap/codium/162/usr/share/codium/resources/app/extensions/debug-auto-launch/dist/extension
[2021-05-02 18:21:24.613] [exthost] [info] ExtensionService#_doActivateExtension vscode.git {"startup":true,"extensionId":{"value":"vscode.github","_lower":"vscode.github"},"activationEvent":"*"}
[2021-05-02 18:21:24.613] [exthost] [info] ExtensionService#loadCommonJSModule file:///snap/codium/162/usr/share/codium/resources/app/extensions/git/dist/main
[2021-05-02 18:21:24.637] [exthost] [info] ExtensionService#_doActivateExtension CoenraadS.bracket-pair-colorizer-2 {"startup":true,"extensionId":{"value":"CoenraadS.bracket-pair-colorizer-2","_lower":"coenraads.bracket-pair-colorizer-2"},"activationEvent":"*"}
[2021-05-02 18:21:24.637] [exthost] [info] ExtensionService#loadCommonJSModule file:///home/fmartin/.vscode-oss/extensions/coenraads.bracket-pair-colorizer-2-0.1.4/out/src/extension
[2021-05-02 18:21:24.658] [exthost] [info] ExtensionService#_doActivateExtension sainnhe.gruvbox-material {"startup":true,"extensionId":{"value":"sainnhe.gruvbox-material","_lower":"sainnhe.gruvbox-material"},"activationEvent":"*"}
[2021-05-02 18:21:24.658] [exthost] [info] ExtensionService#loadCommonJSModule file:///home/fmartin/.vscode-oss/extensions/sainnhe.gruvbox-material-6.4.0/out/extension.js
[2021-05-02 18:21:24.682] [exthost] [info] ExtensionService#_doActivateExtension vscodevim.vim {"startup":true,"extensionId":{"value":"vscodevim.vim","_lower":"vscodevim.vim"},"activationEvent":"*"}
[2021-05-02 18:21:24.682] [exthost] [info] ExtensionService#loadCommonJSModule file:///home/fmartin/.vscode-oss/extensions/vscodevim.vim-1.20.0/out/extension
[2021-05-02 18:21:24.736] [exthost] [info] ExtensionService#_doActivateExtension zhuangtongfa.material-theme {"startup":true,"extensionId":{"value":"zhuangtongfa.material-theme","_lower":"zhuangtongfa.material-theme"},"activationEvent":"*"}
[2021-05-02 18:21:24.736] [exthost] [info] ExtensionService#loadCommonJSModule file:///home/fmartin/.vscode-oss/extensions/zhuangtongfa.material-theme-3.10.13/out/extension.js
[2021-05-02 18:21:25.019] [exthost] [info] ExtensionService#_doActivateExtension vscode.github {"startup":true,"extensionId":{"value":"vscode.github","_lower":"vscode.github"},"activationEvent":"*"}
[2021-05-02 18:21:25.019] [exthost] [info] ExtensionService#loadCommonJSModule file:///snap/codium/162/usr/share/codium/resources/app/extensions/github/dist/extension.js
[2021-05-02 18:21:25.344] [exthost] [info] ExtensionService#_doActivateExtension ms-vscode.js-debug {"startup":false,"extensionId":{"value":"ms-vscode.js-debug","_lower":"ms-vscode.js-debug"},"activationEvent":"onCommand:extension.js-debug.clearAutoAttachVariables"}
[2021-05-02 18:21:25.344] [exthost] [info] ExtensionService#loadCommonJSModule file:///snap/codium/162/usr/share/codium/resources/app/extensions/ms-vscode.js-debug/src/extension.js
[2021-05-02 18:21:25.479] [exthost] [info] eager extensions activated
[2021-05-02 18:21:25.492] [exthost] [info] ExtensionService#_doActivateExtension vscode.emmet {"startup":false,"extensionId":{"value":"vscode.emmet","_lower":"vscode.emmet"},"activationEvent":"onStartupFinished"}
[2021-05-02 18:21:25.492] [exthost] [info] ExtensionService#loadCommonJSModule file:///snap/codium/162/usr/share/codium/resources/app/extensions/emmet/dist/node/emmetNodeMain
[2021-05-02 18:21:25.499] [exthost] [info] ExtensionService#_doActivateExtension vscode.merge-conflict {"startup":false,"extensionId":{"value":"vscode.merge-conflict","_lower":"vscode.merge-conflict"},"activationEvent":"onStartupFinished"}
[2021-05-02 18:21:25.499] [exthost] [info] ExtensionService#loadCommonJSModule file:///snap/codium/162/usr/share/codium/resources/app/extensions/merge-conflict/dist/mergeConflictMain
[2021-05-02 18:21:25.502] [exthost] [info] ExtensionService#_doActivateExtension vscode.testing-editor-contributions {"startup":false,"extensionId":{"value":"vscode.testing-editor-contributions","_lower":"vscode.testing-editor-contributions"},"activationEvent":"onStartupFinished"}
[2021-05-02 18:21:25.502] [exthost] [info] ExtensionService#loadCommonJSModule file:///snap/codium/162/usr/share/codium/resources/app/extensions/testing-editor-contributions/dist/extension.js
[2021-05-02 18:21:25.503] [exthost] [info] ExtensionService#_doActivateExtension esbenp.prettier-vscode {"startup":false,"extensionId":{"value":"esbenp.prettier-vscode","_lower":"esbenp.prettier-vscode"},"activationEvent":"onStartupFinished"}
[2021-05-02 18:21:25.503] [exthost] [info] ExtensionService#loadCommonJSModule file:///home/fmartin/.vscode-oss/extensions/esbenp.prettier-vscode-6.3.2/dist/extension
[2021-05-02 18:21:25.629] [exthost] [info] ExtensionService#_doActivateExtension Gruntfuggly.todo-tree {"startup":false,"extensionId":{"value":"Gruntfuggly.todo-tree","_lower":"gruntfuggly.todo-tree"},"activationEvent":"onStartupFinished"}
[2021-05-02 18:21:25.629] [exthost] [info] ExtensionService#loadCommonJSModule file:///home/fmartin/.vscode-oss/extensions/gruntfuggly.todo-tree-0.0.212/dist/extension
[2021-05-02 18:21:25.673] [exthost] [warning] [Decorations] CAPPING events from decorations provider vscode.git 614
[2021-05-02 18:21:26.072] [exthost] [warning] [Decorations] CAPPING events from decorations provider vscode.git 614
[2021-05-02 18:21:27.943] [exthost] [warning] [Decorations] CAPPING events from decorations provider vscode.git 615
[2021-05-02 18:21:48.476] [exthost] [info] ExtensionService#_doActivateExtension vscode.configuration-editing {"startup":false,"extensionId":{"value":"vscode.configuration-editing","_lower":"vscode.configuration-editing"},"activationEvent":"onLanguage:jsonc"}
[2021-05-02 18:21:48.476] [exthost] [info] ExtensionService#loadCommonJSModule file:///snap/codium/162/usr/share/codium/resources/app/extensions/configuration-editing/dist/configurationEditingMain
[2021-05-02 18:21:48.479] [exthost] [info] ExtensionService#_doActivateExtension vscode.json-language-features {"startup":false,"extensionId":{"value":"vscode.json-language-features","_lower":"vscode.json-language-features"},"activationEvent":"onLanguage:jsonc"}
[2021-05-02 18:21:48.480] [exthost] [info] ExtensionService#loadCommonJSModule file:///snap/codium/162/usr/share/codium/resources/app/extensions/json-language-features/client/dist/node/jsonClientMain
[2021-05-02 18:21:48.496] [exthost] [info] ExtensionService#_doActivateExtension vscode.typescript-language-features {"startup":false,"extensionId":{"value":"vscode.typescript-language-features","_lower":"vscode.typescript-language-features"},"activationEvent":"onLanguage:jsonc"}
[2021-05-02 18:21:48.496] [exthost] [info] ExtensionService#loadCommonJSModule file:///snap/codium/162/usr/share/codium/resources/app/extensions/typescript-language-features/dist/extension
[2021-05-02 18:22:11.718] [exthost] [info] extension host terminating: received terminate message from renderer
[2021-05-02 18:22:12.757] [exthost] [info] exiting with code 0
