[2021-05-04 08:40:12.346] [exthost] [info] extension host started
[2021-05-04 08:40:12.530] [exthost] [info] ExtensionService#_doActivateExtension vscode.debug-auto-launch {"startup":true,"extensionId":{"value":"vscode.debug-auto-launch","_lower":"vscode.debug-auto-launch"},"activationEvent":"*"}
[2021-05-04 08:40:12.530] [exthost] [info] ExtensionService#loadCommonJSModule file:///snap/codium/162/usr/share/codium/resources/app/extensions/debug-auto-launch/dist/extension
[2021-05-04 08:40:12.534] [exthost] [info] ExtensionService#_doActivateExtension vscode.git {"startup":true,"extensionId":{"value":"vscode.github","_lower":"vscode.github"},"activationEvent":"*"}
[2021-05-04 08:40:12.535] [exthost] [info] ExtensionService#loadCommonJSModule file:///snap/codium/162/usr/share/codium/resources/app/extensions/git/dist/main
[2021-05-04 08:40:12.556] [exthost] [info] ExtensionService#_doActivateExtension sainnhe.gruvbox-material {"startup":true,"extensionId":{"value":"sainnhe.gruvbox-material","_lower":"sainnhe.gruvbox-material"},"activationEvent":"*"}
[2021-05-04 08:40:12.556] [exthost] [info] ExtensionService#loadCommonJSModule file:///home/fmartin/.vscode-oss/extensions/sainnhe.gruvbox-material-6.4.0/out/extension.js
[2021-05-04 08:40:12.598] [exthost] [info] ExtensionService#_doActivateExtension vscodevim.vim {"startup":true,"extensionId":{"value":"vscodevim.vim","_lower":"vscodevim.vim"},"activationEvent":"*"}
[2021-05-04 08:40:12.598] [exthost] [info] ExtensionService#loadCommonJSModule file:///home/fmartin/.vscode-oss/extensions/vscodevim.vim-1.20.0/out/extension
[2021-05-04 08:40:12.656] [exthost] [info] ExtensionService#_doActivateExtension zhuangtongfa.material-theme {"startup":true,"extensionId":{"value":"zhuangtongfa.material-theme","_lower":"zhuangtongfa.material-theme"},"activationEvent":"*"}
[2021-05-04 08:40:12.656] [exthost] [info] ExtensionService#loadCommonJSModule file:///home/fmartin/.vscode-oss/extensions/zhuangtongfa.material-theme-3.10.13/out/extension.js
[2021-05-04 08:40:12.857] [exthost] [info] ExtensionService#_doActivateExtension vscode.github {"startup":true,"extensionId":{"value":"vscode.github","_lower":"vscode.github"},"activationEvent":"*"}
[2021-05-04 08:40:12.857] [exthost] [info] ExtensionService#loadCommonJSModule file:///snap/codium/162/usr/share/codium/resources/app/extensions/github/dist/extension.js
[2021-05-04 08:40:12.925] [exthost] [warning] [Decorations] CAPPING events from decorations provider vscode.git 627
[2021-05-04 08:40:13.190] [exthost] [info] ExtensionService#_doActivateExtension ms-vscode.js-debug {"startup":false,"extensionId":{"value":"ms-vscode.js-debug","_lower":"ms-vscode.js-debug"},"activationEvent":"onCommand:extension.js-debug.clearAutoAttachVariables"}
[2021-05-04 08:40:13.191] [exthost] [info] ExtensionService#loadCommonJSModule file:///snap/codium/162/usr/share/codium/resources/app/extensions/ms-vscode.js-debug/src/extension.js
[2021-05-04 08:40:13.307] [exthost] [info] eager extensions activated
[2021-05-04 08:40:13.440] [exthost] [info] ExtensionService#_doActivateExtension vscode.emmet {"startup":false,"extensionId":{"value":"vscode.emmet","_lower":"vscode.emmet"},"activationEvent":"onStartupFinished"}
[2021-05-04 08:40:13.441] [exthost] [info] ExtensionService#loadCommonJSModule file:///snap/codium/162/usr/share/codium/resources/app/extensions/emmet/dist/node/emmetNodeMain
[2021-05-04 08:40:13.450] [exthost] [info] ExtensionService#_doActivateExtension vscode.merge-conflict {"startup":false,"extensionId":{"value":"vscode.merge-conflict","_lower":"vscode.merge-conflict"},"activationEvent":"onStartupFinished"}
[2021-05-04 08:40:13.450] [exthost] [info] ExtensionService#loadCommonJSModule file:///snap/codium/162/usr/share/codium/resources/app/extensions/merge-conflict/dist/mergeConflictMain
[2021-05-04 08:40:13.452] [exthost] [info] ExtensionService#_doActivateExtension vscode.testing-editor-contributions {"startup":false,"extensionId":{"value":"vscode.testing-editor-contributions","_lower":"vscode.testing-editor-contributions"},"activationEvent":"onStartupFinished"}
[2021-05-04 08:40:13.452] [exthost] [info] ExtensionService#loadCommonJSModule file:///snap/codium/162/usr/share/codium/resources/app/extensions/testing-editor-contributions/dist/extension.js
[2021-05-04 08:40:13.453] [exthost] [info] ExtensionService#_doActivateExtension esbenp.prettier-vscode {"startup":false,"extensionId":{"value":"esbenp.prettier-vscode","_lower":"esbenp.prettier-vscode"},"activationEvent":"onStartupFinished"}
[2021-05-04 08:40:13.453] [exthost] [info] ExtensionService#loadCommonJSModule file:///home/fmartin/.vscode-oss/extensions/esbenp.prettier-vscode-6.3.2/dist/extension
[2021-05-04 08:40:13.611] [exthost] [info] ExtensionService#_doActivateExtension Gruntfuggly.todo-tree {"startup":false,"extensionId":{"value":"Gruntfuggly.todo-tree","_lower":"gruntfuggly.todo-tree"},"activationEvent":"onStartupFinished"}
[2021-05-04 08:40:13.611] [exthost] [info] ExtensionService#loadCommonJSModule file:///home/fmartin/.vscode-oss/extensions/gruntfuggly.todo-tree-0.0.212/dist/extension
[2021-05-04 08:40:13.763] [exthost] [warning] [Decorations] CAPPING events from decorations provider vscode.git 627
[2021-05-04 08:40:15.808] [exthost] [warning] [Decorations] CAPPING events from decorations provider vscode.git 631
[2021-05-04 08:41:04.410] [exthost] [info] ExtensionService#_doActivateExtension vscode.html-language-features {"startup":false,"extensionId":{"value":"vscode.html-language-features","_lower":"vscode.html-language-features"},"activationEvent":"onLanguage:html"}
[2021-05-04 08:41:04.410] [exthost] [info] ExtensionService#loadCommonJSModule file:///snap/codium/162/usr/share/codium/resources/app/extensions/html-language-features/client/dist/node/htmlClientMain
[2021-05-04 08:41:04.460] [exthost] [info] ExtensionService#_doActivateExtension vscode.typescript-language-features {"startup":false,"extensionId":{"value":"SonarSource.sonarlint-vscode","_lower":"sonarsource.sonarlint-vscode"},"activationEvent":"onLanguage:html"}
[2021-05-04 08:41:04.460] [exthost] [info] ExtensionService#loadCommonJSModule file:///snap/codium/162/usr/share/codium/resources/app/extensions/typescript-language-features/dist/extension
[2021-05-04 08:41:04.570] [exthost] [info] ExtensionService#_doActivateExtension SonarSource.sonarlint-vscode {"startup":false,"extensionId":{"value":"SonarSource.sonarlint-vscode","_lower":"sonarsource.sonarlint-vscode"},"activationEvent":"onLanguage:html"}
[2021-05-04 08:41:04.570] [exthost] [info] ExtensionService#loadCommonJSModule file:///home/fmartin/.vscode-oss/extensions/sonarsource.sonarlint-vscode-1.21.0/dist/extension
[2021-05-04 08:41:21.722] [exthost] [info] ExtensionService#_doActivateExtension vscode.configuration-editing {"startup":false,"extensionId":{"value":"vscode.configuration-editing","_lower":"vscode.configuration-editing"},"activationEvent":"onLanguage:jsonc"}
[2021-05-04 08:41:21.723] [exthost] [info] ExtensionService#loadCommonJSModule file:///snap/codium/162/usr/share/codium/resources/app/extensions/configuration-editing/dist/configurationEditingMain
[2021-05-04 08:41:21.736] [exthost] [info] ExtensionService#_doActivateExtension vscode.json-language-features {"startup":false,"extensionId":{"value":"vscode.json-language-features","_lower":"vscode.json-language-features"},"activationEvent":"onLanguage:jsonc"}
[2021-05-04 08:41:21.736] [exthost] [info] ExtensionService#loadCommonJSModule file:///snap/codium/162/usr/share/codium/resources/app/extensions/json-language-features/client/dist/node/jsonClientMain
[2021-05-04 08:41:24.923] [exthost] [info] extension host terminating: received terminate message from renderer
[2021-05-04 08:41:25.946] [exthost] [info] exiting with code 0
[2021-05-04 08:41:26.402] [exthost] [info] extension host started
[2021-05-04 08:41:26.522] [exthost] [info] ExtensionService#_doActivateExtension vscode.emmet {"startup":false,"extensionId":{"value":"vscode.emmet","_lower":"vscode.emmet"},"activationEvent":"onLanguage:html"}
[2021-05-04 08:41:26.528] [exthost] [info] ExtensionService#loadCommonJSModule file:///snap/codium/162/usr/share/codium/resources/app/extensions/emmet/dist/node/emmetNodeMain
[2021-05-04 08:41:26.539] [exthost] [info] ExtensionService#_doActivateExtension vscode.html-language-features {"startup":false,"extensionId":{"value":"vscode.html-language-features","_lower":"vscode.html-language-features"},"activationEvent":"onLanguage:html"}
[2021-05-04 08:41:26.539] [exthost] [info] ExtensionService#loadCommonJSModule file:///snap/codium/162/usr/share/codium/resources/app/extensions/html-language-features/client/dist/node/htmlClientMain
[2021-05-04 08:41:26.570] [exthost] [info] ExtensionService#_doActivateExtension vscode.typescript-language-features {"startup":false,"extensionId":{"value":"SonarSource.sonarlint-vscode","_lower":"sonarsource.sonarlint-vscode"},"activationEvent":"onLanguage:html"}
[2021-05-04 08:41:26.570] [exthost] [info] ExtensionService#loadCommonJSModule file:///snap/codium/162/usr/share/codium/resources/app/extensions/typescript-language-features/dist/extension
[2021-05-04 08:41:26.606] [exthost] [info] ExtensionService#_doActivateExtension vscode.debug-auto-launch {"startup":true,"extensionId":{"value":"vscode.debug-auto-launch","_lower":"vscode.debug-auto-launch"},"activationEvent":"*"}
[2021-05-04 08:41:26.606] [exthost] [info] ExtensionService#loadCommonJSModule file:///snap/codium/162/usr/share/codium/resources/app/extensions/debug-auto-launch/dist/extension
[2021-05-04 08:41:26.610] [exthost] [info] ExtensionService#_doActivateExtension vscode.git {"startup":true,"extensionId":{"value":"vscode.github","_lower":"vscode.github"},"activationEvent":"*"}
[2021-05-04 08:41:26.610] [exthost] [info] ExtensionService#loadCommonJSModule file:///snap/codium/162/usr/share/codium/resources/app/extensions/git/dist/main
[2021-05-04 08:41:26.641] [exthost] [info] ExtensionService#_doActivateExtension sainnhe.gruvbox-material {"startup":true,"extensionId":{"value":"sainnhe.gruvbox-material","_lower":"sainnhe.gruvbox-material"},"activationEvent":"*"}
[2021-05-04 08:41:26.641] [exthost] [info] ExtensionService#loadCommonJSModule file:///home/fmartin/.vscode-oss/extensions/sainnhe.gruvbox-material-6.4.1/out/extension.js
[2021-05-04 08:41:26.664] [exthost] [info] ExtensionService#_doActivateExtension vscodevim.vim {"startup":true,"extensionId":{"value":"vscodevim.vim","_lower":"vscodevim.vim"},"activationEvent":"*"}
[2021-05-04 08:41:26.664] [exthost] [info] ExtensionService#loadCommonJSModule file:///home/fmartin/.vscode-oss/extensions/vscodevim.vim-1.20.0/out/extension
[2021-05-04 08:41:26.713] [exthost] [info] ExtensionService#_doActivateExtension zhuangtongfa.material-theme {"startup":true,"extensionId":{"value":"zhuangtongfa.material-theme","_lower":"zhuangtongfa.material-theme"},"activationEvent":"*"}
[2021-05-04 08:41:26.713] [exthost] [info] ExtensionService#loadCommonJSModule file:///home/fmartin/.vscode-oss/extensions/zhuangtongfa.material-theme-3.10.13/out/extension.js
[2021-05-04 08:41:26.904] [exthost] [info] ExtensionService#_doActivateExtension SonarSource.sonarlint-vscode {"startup":false,"extensionId":{"value":"SonarSource.sonarlint-vscode","_lower":"sonarsource.sonarlint-vscode"},"activationEvent":"onLanguage:html"}
[2021-05-04 08:41:26.904] [exthost] [info] ExtensionService#loadCommonJSModule file:///home/fmartin/.vscode-oss/extensions/sonarsource.sonarlint-vscode-1.21.0/dist/extension
[2021-05-04 08:41:26.966] [exthost] [info] ExtensionService#_doActivateExtension vscode.github {"startup":true,"extensionId":{"value":"vscode.github","_lower":"vscode.github"},"activationEvent":"*"}
[2021-05-04 08:41:26.966] [exthost] [info] ExtensionService#loadCommonJSModule file:///snap/codium/162/usr/share/codium/resources/app/extensions/github/dist/extension.js
[2021-05-04 08:41:27.090] [exthost] [warning] [Decorations] CAPPING events from decorations provider vscode.git 624
[2021-05-04 08:41:27.100] [exthost] [info] ExtensionService#_doActivateExtension ms-vscode.js-debug {"startup":false,"extensionId":{"value":"ms-vscode.js-debug","_lower":"ms-vscode.js-debug"},"activationEvent":"onCommand:extension.js-debug.clearAutoAttachVariables"}
[2021-05-04 08:41:27.100] [exthost] [info] ExtensionService#loadCommonJSModule file:///snap/codium/162/usr/share/codium/resources/app/extensions/ms-vscode.js-debug/src/extension.js
[2021-05-04 08:41:27.259] [exthost] [info] eager extensions activated
[2021-05-04 08:41:27.580] [exthost] [info] ExtensionService#_doActivateExtension vscode.merge-conflict {"startup":false,"extensionId":{"value":"vscode.merge-conflict","_lower":"vscode.merge-conflict"},"activationEvent":"onStartupFinished"}
[2021-05-04 08:41:27.580] [exthost] [info] ExtensionService#loadCommonJSModule file:///snap/codium/162/usr/share/codium/resources/app/extensions/merge-conflict/dist/mergeConflictMain
[2021-05-04 08:41:27.581] [exthost] [info] ExtensionService#_doActivateExtension vscode.testing-editor-contributions {"startup":false,"extensionId":{"value":"vscode.testing-editor-contributions","_lower":"vscode.testing-editor-contributions"},"activationEvent":"onStartupFinished"}
[2021-05-04 08:41:27.581] [exthost] [info] ExtensionService#loadCommonJSModule file:///snap/codium/162/usr/share/codium/resources/app/extensions/testing-editor-contributions/dist/extension.js
[2021-05-04 08:41:27.582] [exthost] [info] ExtensionService#_doActivateExtension esbenp.prettier-vscode {"startup":false,"extensionId":{"value":"esbenp.prettier-vscode","_lower":"esbenp.prettier-vscode"},"activationEvent":"onStartupFinished"}
[2021-05-04 08:41:27.582] [exthost] [info] ExtensionService#loadCommonJSModule file:///home/fmartin/.vscode-oss/extensions/esbenp.prettier-vscode-6.3.2/dist/extension
[2021-05-04 08:41:27.674] [exthost] [info] ExtensionService#_doActivateExtension Gruntfuggly.todo-tree {"startup":false,"extensionId":{"value":"Gruntfuggly.todo-tree","_lower":"gruntfuggly.todo-tree"},"activationEvent":"onStartupFinished"}
[2021-05-04 08:41:27.674] [exthost] [info] ExtensionService#loadCommonJSModule file:///home/fmartin/.vscode-oss/extensions/gruntfuggly.todo-tree-0.0.212/dist/extension
[2021-05-04 08:41:28.048] [exthost] [warning] [Decorations] CAPPING events from decorations provider vscode.git 626
[2021-05-04 08:41:30.113] [exthost] [warning] [Decorations] CAPPING events from decorations provider vscode.git 626
[2021-05-04 08:41:30.742] [exthost] [info] extension host terminating: received terminate message from renderer
[2021-05-04 08:41:32.184] [exthost] [info] exiting with code 0
[2021-05-04 08:41:33.361] [exthost] [info] extension host started
[2021-05-04 08:41:33.520] [exthost] [info] ExtensionService#_doActivateExtension vscode.emmet {"startup":false,"extensionId":{"value":"vscode.emmet","_lower":"vscode.emmet"},"activationEvent":"onLanguage:html"}
[2021-05-04 08:41:33.520] [exthost] [info] ExtensionService#loadCommonJSModule file:///snap/codium/162/usr/share/codium/resources/app/extensions/emmet/dist/node/emmetNodeMain
[2021-05-04 08:41:33.530] [exthost] [info] ExtensionService#_doActivateExtension vscode.html-language-features {"startup":false,"extensionId":{"value":"vscode.html-language-features","_lower":"vscode.html-language-features"},"activationEvent":"onLanguage:html"}
[2021-05-04 08:41:33.530] [exthost] [info] ExtensionService#loadCommonJSModule file:///snap/codium/162/usr/share/codium/resources/app/extensions/html-language-features/client/dist/node/htmlClientMain
[2021-05-04 08:41:33.554] [exthost] [info] ExtensionService#_doActivateExtension vscode.typescript-language-features {"startup":false,"extensionId":{"value":"SonarSource.sonarlint-vscode","_lower":"sonarsource.sonarlint-vscode"},"activationEvent":"onLanguage:html"}
[2021-05-04 08:41:33.554] [exthost] [info] ExtensionService#loadCommonJSModule file:///snap/codium/162/usr/share/codium/resources/app/extensions/typescript-language-features/dist/extension
[2021-05-04 08:41:33.569] [exthost] [info] ExtensionService#_doActivateExtension vscode.debug-auto-launch {"startup":true,"extensionId":{"value":"vscode.debug-auto-launch","_lower":"vscode.debug-auto-launch"},"activationEvent":"*"}
[2021-05-04 08:41:33.569] [exthost] [info] ExtensionService#loadCommonJSModule file:///snap/codium/162/usr/share/codium/resources/app/extensions/debug-auto-launch/dist/extension
[2021-05-04 08:41:33.572] [exthost] [info] ExtensionService#_doActivateExtension vscode.git {"startup":true,"extensionId":{"value":"vscode.github","_lower":"vscode.github"},"activationEvent":"*"}
[2021-05-04 08:41:33.572] [exthost] [info] ExtensionService#loadCommonJSModule file:///snap/codium/162/usr/share/codium/resources/app/extensions/git/dist/main
[2021-05-04 08:41:33.596] [exthost] [info] ExtensionService#_doActivateExtension sainnhe.gruvbox-material {"startup":true,"extensionId":{"value":"sainnhe.gruvbox-material","_lower":"sainnhe.gruvbox-material"},"activationEvent":"*"}
[2021-05-04 08:41:33.596] [exthost] [info] ExtensionService#loadCommonJSModule file:///home/fmartin/.vscode-oss/extensions/sainnhe.gruvbox-material-6.4.1/out/extension.js
[2021-05-04 08:41:33.625] [exthost] [info] ExtensionService#_doActivateExtension vscodevim.vim {"startup":true,"extensionId":{"value":"vscodevim.vim","_lower":"vscodevim.vim"},"activationEvent":"*"}
[2021-05-04 08:41:33.625] [exthost] [info] ExtensionService#loadCommonJSModule file:///home/fmartin/.vscode-oss/extensions/vscodevim.vim-1.20.0/out/extension
[2021-05-04 08:41:33.679] [exthost] [info] ExtensionService#_doActivateExtension zhuangtongfa.material-theme {"startup":true,"extensionId":{"value":"zhuangtongfa.material-theme","_lower":"zhuangtongfa.material-theme"},"activationEvent":"*"}
[2021-05-04 08:41:33.679] [exthost] [info] ExtensionService#loadCommonJSModule file:///home/fmartin/.vscode-oss/extensions/zhuangtongfa.material-theme-3.10.13/out/extension.js
[2021-05-04 08:41:33.830] [exthost] [info] ExtensionService#_doActivateExtension SonarSource.sonarlint-vscode {"startup":false,"extensionId":{"value":"SonarSource.sonarlint-vscode","_lower":"sonarsource.sonarlint-vscode"},"activationEvent":"onLanguage:html"}
[2021-05-04 08:41:33.830] [exthost] [info] ExtensionService#loadCommonJSModule file:///home/fmartin/.vscode-oss/extensions/sonarsource.sonarlint-vscode-1.21.0/dist/extension
[2021-05-04 08:41:33.888] [exthost] [info] ExtensionService#_doActivateExtension vscode.github {"startup":true,"extensionId":{"value":"vscode.github","_lower":"vscode.github"},"activationEvent":"*"}
[2021-05-04 08:41:33.888] [exthost] [info] ExtensionService#loadCommonJSModule file:///snap/codium/162/usr/share/codium/resources/app/extensions/github/dist/extension.js
[2021-05-04 08:41:34.134] [exthost] [warning] [Decorations] CAPPING events from decorations provider vscode.git 629
[2021-05-04 08:41:34.143] [exthost] [info] ExtensionService#_doActivateExtension ms-vscode.js-debug {"startup":false,"extensionId":{"value":"ms-vscode.js-debug","_lower":"ms-vscode.js-debug"},"activationEvent":"onCommand:extension.js-debug.clearAutoAttachVariables"}
[2021-05-04 08:41:34.143] [exthost] [info] ExtensionService#loadCommonJSModule file:///snap/codium/162/usr/share/codium/resources/app/extensions/ms-vscode.js-debug/src/extension.js
[2021-05-04 08:41:34.326] [exthost] [info] eager extensions activated
[2021-05-04 08:41:34.622] [exthost] [info] ExtensionService#_doActivateExtension vscode.merge-conflict {"startup":false,"extensionId":{"value":"vscode.merge-conflict","_lower":"vscode.merge-conflict"},"activationEvent":"onStartupFinished"}
[2021-05-04 08:41:34.622] [exthost] [info] ExtensionService#loadCommonJSModule file:///snap/codium/162/usr/share/codium/resources/app/extensions/merge-conflict/dist/mergeConflictMain
[2021-05-04 08:41:34.623] [exthost] [info] ExtensionService#_doActivateExtension vscode.testing-editor-contributions {"startup":false,"extensionId":{"value":"vscode.testing-editor-contributions","_lower":"vscode.testing-editor-contributions"},"activationEvent":"onStartupFinished"}
[2021-05-04 08:41:34.623] [exthost] [info] ExtensionService#loadCommonJSModule file:///snap/codium/162/usr/share/codium/resources/app/extensions/testing-editor-contributions/dist/extension.js
[2021-05-04 08:41:34.624] [exthost] [info] ExtensionService#_doActivateExtension esbenp.prettier-vscode {"startup":false,"extensionId":{"value":"esbenp.prettier-vscode","_lower":"esbenp.prettier-vscode"},"activationEvent":"onStartupFinished"}
[2021-05-04 08:41:34.624] [exthost] [info] ExtensionService#loadCommonJSModule file:///home/fmartin/.vscode-oss/extensions/esbenp.prettier-vscode-6.3.2/dist/extension
[2021-05-04 08:41:34.712] [exthost] [info] ExtensionService#_doActivateExtension Gruntfuggly.todo-tree {"startup":false,"extensionId":{"value":"Gruntfuggly.todo-tree","_lower":"gruntfuggly.todo-tree"},"activationEvent":"onStartupFinished"}
[2021-05-04 08:41:34.712] [exthost] [info] ExtensionService#loadCommonJSModule file:///home/fmartin/.vscode-oss/extensions/gruntfuggly.todo-tree-0.0.212/dist/extension
[2021-05-04 08:41:34.881] [exthost] [warning] [Decorations] CAPPING events from decorations provider vscode.git 630
[2021-05-04 08:41:36.966] [exthost] [warning] [Decorations] CAPPING events from decorations provider vscode.git 631
[2021-05-04 08:42:25.471] [exthost] [warning] [Decorations] CAPPING events from decorations provider vscode.git 658
[2021-05-04 08:42:30.566] [exthost] [warning] [Decorations] CAPPING events from decorations provider vscode.git 658
[2021-05-04 08:43:17.637] [exthost] [info] extension host terminating: received terminate message from renderer
[2021-05-04 08:43:18.667] [exthost] [info] exiting with code 0
