[2021-05-02 18:13:46.034] [exthost] [info] extension host started
[2021-05-02 18:13:46.163] [exthost] [info] ExtensionService#_doActivateExtension vscode.emmet {"startup":false,"extensionId":{"value":"vscode.emmet","_lower":"vscode.emmet"},"activationEvent":"onLanguage:html"}
[2021-05-02 18:13:46.163] [exthost] [info] ExtensionService#loadCommonJSModule file:///snap/codium/162/usr/share/codium/resources/app/extensions/emmet/dist/node/emmetNodeMain
[2021-05-02 18:13:46.169] [exthost] [info] ExtensionService#_doActivateExtension vscode.html-language-features {"startup":false,"extensionId":{"value":"vscode.html-language-features","_lower":"vscode.html-language-features"},"activationEvent":"onLanguage:html"}
[2021-05-02 18:13:46.170] [exthost] [info] ExtensionService#loadCommonJSModule file:///snap/codium/162/usr/share/codium/resources/app/extensions/html-language-features/client/dist/node/htmlClientMain
[2021-05-02 18:13:46.187] [exthost] [info] ExtensionService#_doActivateExtension vscode.debug-auto-launch {"startup":true,"extensionId":{"value":"vscode.debug-auto-launch","_lower":"vscode.debug-auto-launch"},"activationEvent":"*"}
[2021-05-02 18:13:46.187] [exthost] [info] ExtensionService#loadCommonJSModule file:///snap/codium/162/usr/share/codium/resources/app/extensions/debug-auto-launch/dist/extension
[2021-05-02 18:13:46.191] [exthost] [info] ExtensionService#_doActivateExtension vscode.git {"startup":true,"extensionId":{"value":"vscode.github","_lower":"vscode.github"},"activationEvent":"*"}
[2021-05-02 18:13:46.191] [exthost] [info] ExtensionService#loadCommonJSModule file:///snap/codium/162/usr/share/codium/resources/app/extensions/git/dist/main
[2021-05-02 18:13:46.214] [exthost] [info] ExtensionService#_doActivateExtension sainnhe.gruvbox-material {"startup":true,"extensionId":{"value":"sainnhe.gruvbox-material","_lower":"sainnhe.gruvbox-material"},"activationEvent":"*"}
[2021-05-02 18:13:46.214] [exthost] [info] ExtensionService#loadCommonJSModule file:///home/fmartin/.vscode-oss/extensions/sainnhe.gruvbox-material-6.4.0/out/extension.js
[2021-05-02 18:13:46.236] [exthost] [info] ExtensionService#_doActivateExtension vscodevim.vim {"startup":true,"extensionId":{"value":"vscodevim.vim","_lower":"vscodevim.vim"},"activationEvent":"*"}
[2021-05-02 18:13:46.236] [exthost] [info] ExtensionService#loadCommonJSModule file:///home/fmartin/.vscode-oss/extensions/vscodevim.vim-1.20.0/out/extension
[2021-05-02 18:13:46.289] [exthost] [info] ExtensionService#_doActivateExtension zhuangtongfa.material-theme {"startup":true,"extensionId":{"value":"zhuangtongfa.material-theme","_lower":"zhuangtongfa.material-theme"},"activationEvent":"*"}
[2021-05-02 18:13:46.289] [exthost] [info] ExtensionService#loadCommonJSModule file:///home/fmartin/.vscode-oss/extensions/zhuangtongfa.material-theme-3.10.13/out/extension.js
[2021-05-02 18:13:46.570] [exthost] [info] ExtensionService#_doActivateExtension vscode.github {"startup":true,"extensionId":{"value":"vscode.github","_lower":"vscode.github"},"activationEvent":"*"}
[2021-05-02 18:13:46.570] [exthost] [info] ExtensionService#loadCommonJSModule file:///snap/codium/162/usr/share/codium/resources/app/extensions/github/dist/extension.js
[2021-05-02 18:13:46.597] [exthost] [info] ExtensionService#_doActivateExtension ms-vscode.js-debug {"startup":false,"extensionId":{"value":"ms-vscode.js-debug","_lower":"ms-vscode.js-debug"},"activationEvent":"onCommand:extension.js-debug.clearAutoAttachVariables"}
[2021-05-02 18:13:46.597] [exthost] [info] ExtensionService#loadCommonJSModule file:///snap/codium/162/usr/share/codium/resources/app/extensions/ms-vscode.js-debug/src/extension.js
[2021-05-02 18:13:46.728] [exthost] [info] eager extensions activated
[2021-05-02 18:13:46.807] [exthost] [info] ExtensionService#_doActivateExtension vscode.merge-conflict {"startup":false,"extensionId":{"value":"vscode.merge-conflict","_lower":"vscode.merge-conflict"},"activationEvent":"onStartupFinished"}
[2021-05-02 18:13:46.808] [exthost] [info] ExtensionService#loadCommonJSModule file:///snap/codium/162/usr/share/codium/resources/app/extensions/merge-conflict/dist/mergeConflictMain
[2021-05-02 18:13:46.815] [exthost] [info] ExtensionService#_doActivateExtension vscode.testing-editor-contributions {"startup":false,"extensionId":{"value":"vscode.testing-editor-contributions","_lower":"vscode.testing-editor-contributions"},"activationEvent":"onStartupFinished"}
[2021-05-02 18:13:46.815] [exthost] [info] ExtensionService#loadCommonJSModule file:///snap/codium/162/usr/share/codium/resources/app/extensions/testing-editor-contributions/dist/extension.js
[2021-05-02 18:13:46.816] [exthost] [info] ExtensionService#_doActivateExtension esbenp.prettier-vscode {"startup":false,"extensionId":{"value":"esbenp.prettier-vscode","_lower":"esbenp.prettier-vscode"},"activationEvent":"onStartupFinished"}
[2021-05-02 18:13:46.816] [exthost] [info] ExtensionService#loadCommonJSModule file:///home/fmartin/.vscode-oss/extensions/esbenp.prettier-vscode-6.3.2/dist/extension
[2021-05-02 18:13:46.956] [exthost] [info] ExtensionService#_doActivateExtension Gruntfuggly.todo-tree {"startup":false,"extensionId":{"value":"Gruntfuggly.todo-tree","_lower":"gruntfuggly.todo-tree"},"activationEvent":"onStartupFinished"}
[2021-05-02 18:13:46.956] [exthost] [info] ExtensionService#loadCommonJSModule file:///home/fmartin/.vscode-oss/extensions/gruntfuggly.todo-tree-0.0.212/dist/extension
[2021-05-02 18:13:47.063] [exthost] [warning] [Decorations] CAPPING events from decorations provider vscode.git 542
[2021-05-02 18:13:47.397] [exthost] [warning] [Decorations] CAPPING events from decorations provider vscode.git 543
[2021-05-02 18:13:49.380] [exthost] [warning] [Decorations] CAPPING events from decorations provider vscode.git 543
[2021-05-02 18:17:25.700] [exthost] [warning] [Decorations] CAPPING events from decorations provider vscode.git 547
[2021-05-02 18:17:27.701] [exthost] [warning] [Decorations] CAPPING events from decorations provider vscode.git 539
[2021-05-02 18:17:30.442] [exthost] [info] ExtensionService#_doActivateExtension vscode.typescript-language-features {"startup":false,"extensionId":{"value":"vscode.typescript-language-features","_lower":"vscode.typescript-language-features"},"activationEvent":"onLanguage:javascript"}
[2021-05-02 18:17:30.443] [exthost] [info] ExtensionService#loadCommonJSModule file:///snap/codium/162/usr/share/codium/resources/app/extensions/typescript-language-features/dist/extension
[2021-05-02 18:17:31.974] [exthost] [info] ExtensionService#_doActivateExtension vscode.configuration-editing {"startup":false,"extensionId":{"value":"vscode.configuration-editing","_lower":"vscode.configuration-editing"},"activationEvent":"onLanguage:jsonc"}
[2021-05-02 18:17:31.974] [exthost] [info] ExtensionService#loadCommonJSModule file:///snap/codium/162/usr/share/codium/resources/app/extensions/configuration-editing/dist/configurationEditingMain
[2021-05-02 18:17:31.977] [exthost] [info] ExtensionService#_doActivateExtension vscode.json-language-features {"startup":false,"extensionId":{"value":"vscode.json-language-features","_lower":"vscode.json-language-features"},"activationEvent":"onLanguage:jsonc"}
[2021-05-02 18:17:31.977] [exthost] [info] ExtensionService#loadCommonJSModule file:///snap/codium/162/usr/share/codium/resources/app/extensions/json-language-features/client/dist/node/jsonClientMain
[2021-05-02 18:17:56.008] [exthost] [info] ExtensionService#_doActivateExtension vscode.extension-editing {"startup":false,"extensionId":{"value":"vscode.extension-editing","_lower":"vscode.extension-editing"},"activationEvent":"onLanguage:json"}
[2021-05-02 18:17:56.008] [exthost] [info] ExtensionService#loadCommonJSModule file:///snap/codium/162/usr/share/codium/resources/app/extensions/extension-editing/dist/extensionEditingMain
[2021-05-02 18:17:56.028] [exthost] [info] ExtensionService#_doActivateExtension vscode.npm {"startup":false,"extensionId":{"value":"vscode.npm","_lower":"vscode.npm"},"activationEvent":"onLanguage:json"}
[2021-05-02 18:17:56.028] [exthost] [info] ExtensionService#loadCommonJSModule file:///snap/codium/162/usr/share/codium/resources/app/extensions/npm/dist/npmMain
[2021-05-02 18:18:00.145] [exthost] [info] ExtensionService#_doActivateExtension CoenraadS.bracket-pair-colorizer-2 {"startup":false,"extensionId":{"value":"CoenraadS.bracket-pair-colorizer-2","_lower":"coenraads.bracket-pair-colorizer-2"},"activationEvent":"*"}
[2021-05-02 18:18:00.145] [exthost] [info] ExtensionService#loadCommonJSModule file:///home/fmartin/.vscode-oss/extensions/coenraads.bracket-pair-colorizer-2-0.1.4/out/src/extension
[2021-05-02 18:18:12.186] [exthost] [info] ExtensionService#_doActivateExtension vscode.css-language-features {"startup":false,"extensionId":{"value":"vscode.css-language-features","_lower":"vscode.css-language-features"},"activationEvent":"onLanguage:css"}
[2021-05-02 18:18:12.186] [exthost] [info] ExtensionService#loadCommonJSModule file:///snap/codium/162/usr/share/codium/resources/app/extensions/css-language-features/client/dist/node/cssClientMain
[2021-05-02 18:20:26.423] [exthost] [warning] [Decorations] CAPPING events from decorations provider vscode.git 606
[2021-05-02 18:20:28.540] [exthost] [warning] [Decorations] CAPPING events from decorations provider vscode.git 605
[2021-05-02 18:21:21.187] [exthost] [info] extension host terminating: received terminate message from renderer
[2021-05-02 18:21:22.244] [exthost] [info] exiting with code 0
