[2021-05-04 10:46:58.840] [exthost] [info] extension host started
[2021-05-04 10:46:59.023] [exthost] [info] ExtensionService#_doActivateExtension vscode.emmet {"startup":false,"extensionId":{"value":"vscode.emmet","_lower":"vscode.emmet"},"activationEvent":"onLanguage:html"}
[2021-05-04 10:46:59.023] [exthost] [info] ExtensionService#loadCommonJSModule file:///snap/codium/162/usr/share/codium/resources/app/extensions/emmet/dist/node/emmetNodeMain
[2021-05-04 10:46:59.032] [exthost] [info] ExtensionService#_doActivateExtension vscode.html-language-features {"startup":false,"extensionId":{"value":"vscode.html-language-features","_lower":"vscode.html-language-features"},"activationEvent":"onLanguage:html"}
[2021-05-04 10:46:59.033] [exthost] [info] ExtensionService#loadCommonJSModule file:///snap/codium/162/usr/share/codium/resources/app/extensions/html-language-features/client/dist/node/htmlClientMain
[2021-05-04 10:46:59.088] [exthost] [info] ExtensionService#_doActivateExtension vscode.typescript-language-features {"startup":false,"extensionId":{"value":"SonarSource.sonarlint-vscode","_lower":"sonarsource.sonarlint-vscode"},"activationEvent":"onLanguage:html"}
[2021-05-04 10:46:59.089] [exthost] [info] ExtensionService#loadCommonJSModule file:///snap/codium/162/usr/share/codium/resources/app/extensions/typescript-language-features/dist/extension
[2021-05-04 10:46:59.106] [exthost] [info] ExtensionService#_doActivateExtension vscode.debug-auto-launch {"startup":true,"extensionId":{"value":"vscode.debug-auto-launch","_lower":"vscode.debug-auto-launch"},"activationEvent":"*"}
[2021-05-04 10:46:59.106] [exthost] [info] ExtensionService#loadCommonJSModule file:///snap/codium/162/usr/share/codium/resources/app/extensions/debug-auto-launch/dist/extension
[2021-05-04 10:46:59.109] [exthost] [info] ExtensionService#_doActivateExtension vscode.git {"startup":true,"extensionId":{"value":"vscode.github","_lower":"vscode.github"},"activationEvent":"*"}
[2021-05-04 10:46:59.109] [exthost] [info] ExtensionService#loadCommonJSModule file:///snap/codium/162/usr/share/codium/resources/app/extensions/git/dist/main
[2021-05-04 10:46:59.136] [exthost] [info] ExtensionService#_doActivateExtension sainnhe.gruvbox-material {"startup":true,"extensionId":{"value":"sainnhe.gruvbox-material","_lower":"sainnhe.gruvbox-material"},"activationEvent":"*"}
[2021-05-04 10:46:59.136] [exthost] [info] ExtensionService#loadCommonJSModule file:///home/fmartin/.vscode-oss/extensions/sainnhe.gruvbox-material-6.4.1/out/extension.js
[2021-05-04 10:46:59.159] [exthost] [info] ExtensionService#_doActivateExtension vscodevim.vim {"startup":true,"extensionId":{"value":"vscodevim.vim","_lower":"vscodevim.vim"},"activationEvent":"*"}
[2021-05-04 10:46:59.159] [exthost] [info] ExtensionService#loadCommonJSModule file:///home/fmartin/.vscode-oss/extensions/vscodevim.vim-1.20.0/out/extension
[2021-05-04 10:46:59.216] [exthost] [info] ExtensionService#_doActivateExtension zhuangtongfa.material-theme {"startup":true,"extensionId":{"value":"zhuangtongfa.material-theme","_lower":"zhuangtongfa.material-theme"},"activationEvent":"*"}
[2021-05-04 10:46:59.216] [exthost] [info] ExtensionService#loadCommonJSModule file:///home/fmartin/.vscode-oss/extensions/zhuangtongfa.material-theme-3.10.13/out/extension.js
[2021-05-04 10:46:59.464] [exthost] [info] ExtensionService#_doActivateExtension SonarSource.sonarlint-vscode {"startup":false,"extensionId":{"value":"SonarSource.sonarlint-vscode","_lower":"sonarsource.sonarlint-vscode"},"activationEvent":"onLanguage:html"}
[2021-05-04 10:46:59.464] [exthost] [info] ExtensionService#loadCommonJSModule file:///home/fmartin/.vscode-oss/extensions/sonarsource.sonarlint-vscode-1.21.0/dist/extension
[2021-05-04 10:46:59.506] [exthost] [info] ExtensionService#_doActivateExtension vscode.github {"startup":true,"extensionId":{"value":"vscode.github","_lower":"vscode.github"},"activationEvent":"*"}
[2021-05-04 10:46:59.506] [exthost] [info] ExtensionService#loadCommonJSModule file:///snap/codium/162/usr/share/codium/resources/app/extensions/github/dist/extension.js
[2021-05-04 10:46:59.571] [exthost] [info] ExtensionService#_doActivateExtension ms-vscode.js-debug {"startup":false,"extensionId":{"value":"ms-vscode.js-debug","_lower":"ms-vscode.js-debug"},"activationEvent":"onCommand:extension.js-debug.clearAutoAttachVariables"}
[2021-05-04 10:46:59.572] [exthost] [info] ExtensionService#loadCommonJSModule file:///snap/codium/162/usr/share/codium/resources/app/extensions/ms-vscode.js-debug/src/extension.js
[2021-05-04 10:46:59.776] [exthost] [info] eager extensions activated
[2021-05-04 10:46:59.904] [exthost] [info] ExtensionService#_doActivateExtension vscode.merge-conflict {"startup":false,"extensionId":{"value":"vscode.merge-conflict","_lower":"vscode.merge-conflict"},"activationEvent":"onStartupFinished"}
[2021-05-04 10:46:59.904] [exthost] [info] ExtensionService#loadCommonJSModule file:///snap/codium/162/usr/share/codium/resources/app/extensions/merge-conflict/dist/mergeConflictMain
[2021-05-04 10:46:59.906] [exthost] [info] ExtensionService#_doActivateExtension vscode.testing-editor-contributions {"startup":false,"extensionId":{"value":"vscode.testing-editor-contributions","_lower":"vscode.testing-editor-contributions"},"activationEvent":"onStartupFinished"}
[2021-05-04 10:46:59.906] [exthost] [info] ExtensionService#loadCommonJSModule file:///snap/codium/162/usr/share/codium/resources/app/extensions/testing-editor-contributions/dist/extension.js
[2021-05-04 10:46:59.908] [exthost] [info] ExtensionService#_doActivateExtension esbenp.prettier-vscode {"startup":false,"extensionId":{"value":"esbenp.prettier-vscode","_lower":"esbenp.prettier-vscode"},"activationEvent":"onStartupFinished"}
[2021-05-04 10:46:59.908] [exthost] [info] ExtensionService#loadCommonJSModule file:///home/fmartin/.vscode-oss/extensions/esbenp.prettier-vscode-6.3.2/dist/extension
[2021-05-04 10:47:00.035] [exthost] [info] ExtensionService#_doActivateExtension Gruntfuggly.todo-tree {"startup":false,"extensionId":{"value":"Gruntfuggly.todo-tree","_lower":"gruntfuggly.todo-tree"},"activationEvent":"onStartupFinished"}
[2021-05-04 10:47:00.035] [exthost] [info] ExtensionService#loadCommonJSModule file:///home/fmartin/.vscode-oss/extensions/gruntfuggly.todo-tree-0.0.212/dist/extension
[2021-05-04 10:47:00.114] [exthost] [warning] [Decorations] CAPPING events from decorations provider vscode.git 675
[2021-05-04 10:47:01.043] [exthost] [warning] [Decorations] CAPPING events from decorations provider vscode.git 676
[2021-05-04 10:47:03.006] [exthost] [warning] [Decorations] CAPPING events from decorations provider vscode.git 676
[2021-05-04 10:47:09.324] [exthost] [info] extension host terminating: received terminate message from renderer
[2021-05-04 10:47:10.366] [exthost] [info] exiting with code 0
